#
# There is insufficient memory for the Java Runtime Environment to continue.
# Native memory allocation (malloc) failed to allocate 1048576 bytes for AllocateHeap
# Possible reasons:
#   The system is out of physical RAM or swap space
#   The process is running with CompressedOops enabled, and the Java Heap may be blocking the growth of the native heap
# Possible solutions:
#   Reduce memory load on the system
#   Increase physical memory or swap space
#   Check if swap backing store is full
#   Decrease Java heap size (-Xmx/-Xms)
#   Decrease number of Java threads
#   Decrease Java thread stack sizes (-Xss)
#   Set larger code cache with -XX:ReservedCodeCacheSize=
#   JVM is running with Unscaled Compressed Oops mode in which the Java heap is
#     placed in the first 4GB address space. The Java Heap base address is the
#     maximum limit for the native heap growth. Please use -XX:HeapBaseMinAddress
#     to set the Java Heap base and to place the Java Heap above 4GB virtual address.
# This output file may be truncated or incomplete.
#
#  Out of Memory Error (memory/allocation.inline.hpp:61), pid=3500, tid=0x0000000000006120
#
# JRE version:  (8.0_221-b11) (build )
# Java VM: Java HotSpot(TM) 64-Bit Server VM (25.221-b11 mixed mode windows-amd64 compressed oops)
# Failed to write core dump. Minidumps are not enabled by default on client versions of Windows
#

---------------  T H R E A D  ---------------

Current thread (0x0000000002a7d800):  JavaThread "Unknown thread" [_thread_in_vm, id=24864, stack(0x0000000002960000,0x0000000002a60000)]

Stack: [0x0000000002960000,0x0000000002a60000]
[error occurred during error reporting (printing stack bounds), id 0xc0000005]

Native frames: (J=compiled Java code, j=interpreted, Vv=VM code, C=native code)


---------------  P R O C E S S  ---------------

Java Threads: ( => current thread )

Other Threads:

=>0x0000000002a7d800 (exited) JavaThread "Unknown thread" [_thread_in_vm, id=24864, stack(0x0000000002960000,0x0000000002a60000)]

VM state:not at safepoint (normal execution)

VM Mutex/Monitor currently owned by a thread: None

heap address: 0x0000000081000000, size: 2032 MB, Compressed Oops mode: 32-bit
Narrow klass base: 0x0000000000000000, Narrow klass shift: 3
Compressed class space size: 1073741824 Address: 0x0000000100000000

Heap:
 PSYoungGen      total 38400K, used 665K [0x00000000d5b00000, 0x00000000d8580000, 0x0000000100000000)
  eden space 33280K, 2% used [0x00000000d5b00000,0x00000000d5ba6670,0x00000000d7b80000)
  from space 5120K, 0% used [0x00000000d8080000,0x00000000d8080000,0x00000000d8580000)
  to   space 5120K, 0% used [0x00000000d7b80000,0x00000000d7b80000,0x00000000d8080000)
 ParOldGen       total 87552K, used 0K [0x0000000081000000, 0x0000000086580000, 0x00000000d5b00000)
  object space 87552K, 0% used [0x0000000081000000,0x0000000081000000,0x0000000086580000)
 Metaspace       used 752K, capacity 4480K, committed 4480K, reserved 1056768K
  class space    used 76K, capacity 384K, committed 384K, reserved 1048576K

Card table byte_map: [0x0000000011f90000,0x0000000012390000] byte_map_base: 0x0000000011b88000

Marking Bits: (ParMarkBitMap*) 0x0000000051825ce0
 Begin Bits: [0x0000000012e40000, 0x0000000014e00000)
 End Bits:   [0x0000000014e00000, 0x0000000016dc0000)

Polling page: 0x0000000000bd0000

CodeCache: size=245760Kb used=328Kb max_used=328Kb free=245431Kb
 bounds [0x0000000002bd0000, 0x0000000002e40000, 0x0000000011bd0000]
 total_blobs=58 nmethods=0 adapters=38
 compilation: enabled

Compilation events (0 events):
No events

GC Heap History (0 events):
No events

Deoptimization events (0 events):
No events

Classes redefined (0 events):
No events

Internal exceptions (0 events):
No events

Events (10 events):
Event: 0.030 loading class java/lang/Short
Event: 0.030 loading class java/lang/Short done
Event: 0.030 loading class java/lang/Integer
Event: 0.030 loading class java/lang/Integer done
Event: 0.030 loading class java/lang/Long
Event: 0.030 loading class java/lang/Long done
Event: 0.031 loading class java/lang/NullPointerException
Event: 0.031 loading class java/lang/NullPointerException done
Event: 0.031 loading class java/lang/ArithmeticException
Event: 0.031 loading class java/lang/ArithmeticException done


Dynamic libraries:
0x00007ff7188d0000 - 0x00007ff718907000 	C:\Program Files\Java\jre1.8.0_221\bin\javaw.exe
0x00007ffaf6a80000 - 0x00007ffaf6c61000 	C:\WINDOWS\SYSTEM32\ntdll.dll
0x00007ffaf6180000 - 0x00007ffaf6231000 	C:\WINDOWS\System32\KERNEL32.DLL
0x00007ffaf2e40000 - 0x00007ffaf30b3000 	C:\WINDOWS\System32\KERNELBASE.dll
0x00007ffaf5430000 - 0x00007ffaf54d1000 	C:\WINDOWS\System32\ADVAPI32.dll
0x00007ffaf6240000 - 0x00007ffaf62de000 	C:\WINDOWS\System32\msvcrt.dll
0x00007ffaf69f0000 - 0x00007ffaf6a4b000 	C:\WINDOWS\System32\sechost.dll
0x00007ffaf5fb0000 - 0x00007ffaf60d4000 	C:\WINDOWS\System32\RPCRT4.dll
0x00007ffaf5d60000 - 0x00007ffaf5ef0000 	C:\WINDOWS\System32\USER32.dll
0x00007ffaf3300000 - 0x00007ffaf3320000 	C:\WINDOWS\System32\win32u.dll
0x00007ffaf54f0000 - 0x00007ffaf5518000 	C:\WINDOWS\System32\GDI32.dll
0x00007ffaf30c0000 - 0x00007ffaf3251000 	C:\WINDOWS\System32\gdi32full.dll
0x00007ffaf3260000 - 0x00007ffaf32ff000 	C:\WINDOWS\System32\msvcp_win.dll
0x00007ffaf3e00000 - 0x00007ffaf3ef8000 	C:\WINDOWS\System32\ucrtbase.dll
0x00007ffae7750000 - 0x00007ffae79b9000 	C:\WINDOWS\WinSxS\amd64_microsoft.windows.common-controls_6595b64144ccf1df_6.0.17134.1067_none_d401a3eb7c8ebdea\COMCTL32.dll
0x00007ffaf56b0000 - 0x00007ffaf59d1000 	C:\WINDOWS\System32\combase.dll
0x00007ffaf3370000 - 0x00007ffaf33e9000 	C:\WINDOWS\System32\bcryptPrimitives.dll
0x00007ffaf6820000 - 0x00007ffaf684d000 	C:\WINDOWS\System32\IMM32.DLL
0x00000000525a0000 - 0x0000000052672000 	C:\Program Files\Java\jre1.8.0_221\bin\msvcr100.dll
0x0000000051000000 - 0x00000000518a5000 	C:\Program Files\Java\jre1.8.0_221\bin\server\jvm.dll
0x00007ffaf3f00000 - 0x00007ffaf3f08000 	C:\WINDOWS\System32\PSAPI.DLL
0x00007ffae28b0000 - 0x00007ffae28b9000 	C:\WINDOWS\SYSTEM32\WSOCK32.dll
0x00007ffaebdc0000 - 0x00007ffaebdca000 	C:\WINDOWS\SYSTEM32\VERSION.dll
0x00007ffaf0940000 - 0x00007ffaf0963000 	C:\WINDOWS\SYSTEM32\WINMM.dll
0x00007ffaf5cf0000 - 0x00007ffaf5d5c000 	C:\WINDOWS\System32\WS2_32.dll
0x00007ffaf04e0000 - 0x00007ffaf050a000 	C:\WINDOWS\SYSTEM32\winmmbase.dll
0x00007ffaf3320000 - 0x00007ffaf3369000 	C:\WINDOWS\System32\cfgmgr32.dll
0x00007ffaee7f0000 - 0x00007ffaee7ff000 	C:\Program Files\Java\jre1.8.0_221\bin\verify.dll
0x00007ffadab10000 - 0x00007ffadab39000 	C:\Program Files\Java\jre1.8.0_221\bin\java.dll
0x00007ffaeb720000 - 0x00007ffaeb736000 	C:\Program Files\Java\jre1.8.0_221\bin\zip.dll

VM Arguments:
jvm_args: -Dfile.encoding=Cp1252 
java_command: components.Bonk
java_class_path (initial): C:\Users\Jeremy\Downloads\TextAdv2\bin
Launcher Type: SUN_STANDARD

Environment Variables:
PATH=C:/Program Files/Java/jre1.8.0_221/bin/server;C:/Program Files/Java/jre1.8.0_221/bin;C:/Program Files/Java/jre1.8.0_221/lib/amd64;C:\Program Files (x86)\Common Files\Oracle\Java\javapath;C:\Windows\system32;C:\Windows;C:\Windows\System32\Wbem;C:\Windows\System32\WindowsPowerShell\v1.0\;C:\Program Files (x86)\ATI Technologies\ATI.ACE\Core-Static;C:\Program Files\Acer\Remote Files\;C:\WINDOWS\system32;C:\WINDOWS;C:\WINDOWS\System32\Wbem;C:\WINDOWS\System32\WindowsPowerShell\v1.0\;C:\Program Files (x86)\GtkSharp\2.12\bin;C:\Program Files (x86)\AMD\ATI.ACE\Core-Static;C:\WINDOWS\System32\OpenSSH\;C:\Users\Jeremy\AppData\Local\Microsoft\WindowsApps;;C:\WINDOWS\system32;
USERNAME=Jeremy
OS=Windows_NT
PROCESSOR_IDENTIFIER=Intel64 Family 6 Model 60 Stepping 3, GenuineIntel



---------------  S Y S T E M  ---------------

OS: Windows 10.0 , 64 bit Build 17134 (10.0.17134.753)

CPU:total 8 (initial active 8) (4 cores per cpu, 2 threads per core) family 6 model 60 stepping 3, cmov, cx8, fxsr, mmx, sse, sse2, sse3, ssse3, sse4.1, sse4.2, popcnt, avx, avx2, aes, clmul, erms, lzcnt, ht, tsc, tscinvbit, bmi1, bmi2

Memory: 4k page, physical 8320024k(2238196k free), swap 11465752k(39684k free)

vm_info: Java HotSpot(TM) 64-Bit Server VM (25.221-b11) for windows-amd64 JRE (1.8.0_221-b11), built on Jul  4 2019 04:39:29 by "java_re" with MS VC++ 10.0 (VS2010)

time: Mon Oct 21 20:43:53 2019
timezone: Eastern Daylight Time
elapsed time: 0 seconds (0d 0h 0m 0s)

